This is pdfTeX, Version 3.14159265-2.6-1.40.21 (MiKTeX 20.11) (preloaded format=pdflatex 2020.11.9)  9 MAY 2021 23:17
entering extended mode
**./Oblig2.tex
(Oblig2.tex
LaTeX2e <2020-10-01> patch level 2
L3 programming layer <2020-10-27> xparse <2020-03-03>
(C:\Users\espen\AppData\Local\Programs\MiKTeX\tex/latex/base\article.cls
Document Class: article 2020/04/10 v1.4m Standard LaTeX document class
(C:\Users\espen\AppData\Local\Programs\MiKTeX\tex/latex/base\size12.clo
File: size12.clo 2020/04/10 v1.4m Standard LaTeX file (size option)
)
\c@part=\count175
\c@section=\count176
\c@subsection=\count177
\c@subsubsection=\count178
\c@paragraph=\count179
\c@subparagraph=\count180
\c@figure=\count181
\c@table=\count182
\abovecaptionskip=\skip47
\belowcaptionskip=\skip48
\bibindent=\dimen138
)
(C:\Users\espen\AppData\Local\Programs\MiKTeX\tex/latex/base\inputenc.sty
Package: inputenc 2020/08/01 v1.3d Input encoding file
\inpenc@prehook=\toks15
\inpenc@posthook=\toks16
)
(C:\Users\espen\AppData\Local\Programs\MiKTeX\tex/latex/graphics\graphicx.sty
Package: graphicx 2020/09/09 v1.2b Enhanced LaTeX Graphics (DPC,SPQR)

(C:\Users\espen\AppData\Local\Programs\MiKTeX\tex/latex/graphics\keyval.sty
Package: keyval 2014/10/28 v1.15 key=value parser (DPC)
\KV@toks@=\toks17
)
(C:\Users\espen\AppData\Local\Programs\MiKTeX\tex/latex/graphics\graphics.sty
Package: graphics 2020/08/30 v1.4c Standard LaTeX Graphics (DPC,SPQR)

(C:\Users\espen\AppData\Local\Programs\MiKTeX\tex/latex/graphics\trig.sty
Package: trig 2016/01/03 v1.10 sin cos tan (DPC)
)
(C:\Users\espen\AppData\Local\Programs\MiKTeX\tex/latex/graphics-cfg\graphics.c
fg
File: graphics.cfg 2016/06/04 v1.11 sample graphics configuration
)
Package graphics Info: Driver file: pdftex.def on input line 105.

(C:\Users\espen\AppData\Local\Programs\MiKTeX\tex/latex/graphics-def\pdftex.def
File: pdftex.def 2020/10/05 v1.2a Graphics/color driver for pdftex
))
\Gin@req@height=\dimen139
\Gin@req@width=\dimen140
)
(C:\Users\espen\AppData\Local\Programs\MiKTeX\tex/latex/l3backend\l3backend-pdf
tex.def
File: l3backend-pdftex.def 2020-09-24 L3 backend support: PDF output (pdfTeX)
\l__kernel_color_stack_int=\count183
\l__pdf_internal_box=\box47
) (Oblig2.aux)
\openout1 = `Oblig2.aux'.

LaTeX Font Info:    Checking defaults for OML/cmm/m/it on input line 4.
LaTeX Font Info:    ... okay on input line 4.
LaTeX Font Info:    Checking defaults for OMS/cmsy/m/n on input line 4.
LaTeX Font Info:    ... okay on input line 4.
LaTeX Font Info:    Checking defaults for OT1/cmr/m/n on input line 4.
LaTeX Font Info:    ... okay on input line 4.
LaTeX Font Info:    Checking defaults for T1/cmr/m/n on input line 4.
LaTeX Font Info:    ... okay on input line 4.
LaTeX Font Info:    Checking defaults for TS1/cmr/m/n on input line 4.
LaTeX Font Info:    ... okay on input line 4.
LaTeX Font Info:    Checking defaults for OMX/cmex/m/n on input line 4.
LaTeX Font Info:    ... okay on input line 4.
LaTeX Font Info:    Checking defaults for U/cmr/m/n on input line 4.
LaTeX Font Info:    ... okay on input line 4.

(C:\Users\espen\AppData\Local\Programs\MiKTeX\tex/context/base/mkii\supp-pdf.mk
ii
[Loading MPS to PDF converter (version 2006.09.02).]
\scratchcounter=\count184
\scratchdimen=\dimen141
\scratchbox=\box48
\nofMPsegments=\count185
\nofMParguments=\count186
\everyMPshowfont=\toks18
\MPscratchCnt=\count187
\MPscratchDim=\dimen142
\MPnumerator=\count188
\makeMPintoPDFobject=\count189
\everyMPtoPDFconversion=\toks19
)
(C:\Users\espen\AppData\Local\Programs\MiKTeX\tex/latex/epstopdf-pkg\epstopdf-b
ase.sty
Package: epstopdf-base 2020-01-24 v2.11 Base part for package epstopdf
Package epstopdf-base Info: Redefining graphics rule for `.eps' on input line 4
85.
)
LaTeX Font Info:    External font `cmex10' loaded for size
(Font)              <14.4> on input line 8.
LaTeX Font Info:    External font `cmex10' loaded for size
(Font)              <7> on input line 8.
LaTeX Font Info:    External font `cmex10' loaded for size
(Font)              <12> on input line 13.
LaTeX Font Info:    External font `cmex10' loaded for size
(Font)              <8> on input line 13.
LaTeX Font Info:    External font `cmex10' loaded for size
(Font)              <6> on input line 13.

Underfull \hbox (badness 10000) in paragraph at lines 9--129

 []


Underfull \hbox (badness 10000) in paragraph at lines 9--129

 []


Underfull \hbox (badness 10000) in paragraph at lines 9--129

 []


Overfull \hbox (15.39697pt too wide) in paragraph at lines 9--129
[]     [] 
 []


Underfull \hbox (badness 10000) in paragraph at lines 9--129

 []


Underfull \hbox (badness 10000) in paragraph at lines 9--129

 []


Overfull \hbox (15.39697pt too wide) in paragraph at lines 9--129
[]     [] 
 []


Underfull \hbox (badness 10000) in paragraph at lines 9--129

 []

[1

{C:/Users/espen/AppData/Local/MiKTeX/pdftex/config/pdftex.map}]
Underfull \hbox (badness 10000) in paragraph at lines 150--153

 []

[2]
<Pre.png, id=11, 924.45375pt x 274.77657pt>
File: Pre.png Graphic file (type png)
<use Pre.png>
Package pdftex.def Info: Pre.png  used on input line 172.
(pdftex.def)             Requested size: 462.22574pt x 137.38794pt.

Underfull \hbox (badness 10000) in paragraph at lines 154--176

 []


Underfull \hbox (badness 10000) in paragraph at lines 154--176

 []


Underfull \hbox (badness 10000) in paragraph at lines 154--176

 []


Underfull \hbox (badness 10000) in paragraph at lines 154--176

 []


Underfull \hbox (badness 10000) in paragraph at lines 154--176

 []


Overfull \hbox (72.22574pt too wide) in paragraph at lines 154--176
[]
 []


Underfull \hbox (badness 10000) in paragraph at lines 154--176

 []


Underfull \hbox (badness 10000) in paragraph at lines 154--176

 []

[3 <./Pre.png>]
Underfull \hbox (badness 10000) in paragraph at lines 177--198

 []


Underfull \hbox (badness 10000) in paragraph at lines 177--198

 []


Underfull \hbox (badness 10000) in paragraph at lines 177--198

 []


Underfull \hbox (badness 10000) in paragraph at lines 177--198

 []


Underfull \hbox (badness 10000) in paragraph at lines 177--198

 []


Underfull \hbox (badness 10000) in paragraph at lines 177--198

 []


Underfull \hbox (badness 10000) in paragraph at lines 177--198

 []

[4]
<PG.png, id=22, 580.41844pt x 111.41624pt>
File: PG.png Graphic file (type png)
<use PG.png>
Package pdftex.def Info: PG.png  used on input line 209.
(pdftex.def)             Requested size: 435.31276pt x 83.56197pt.

Underfull \hbox (badness 10000) in paragraph at lines 199--215

 []


Underfull \hbox (badness 10000) in paragraph at lines 199--215

 []


Underfull \hbox (badness 10000) in paragraph at lines 199--215

 []


Underfull \hbox (badness 10000) in paragraph at lines 199--215

 []


Overfull \hbox (45.31276pt too wide) in paragraph at lines 199--215
[]
 []


Underfull \hbox (badness 10000) in paragraph at lines 199--215

 []


Underfull \hbox (badness 10000) in paragraph at lines 199--215

 []


Underfull \hbox (badness 10000) in paragraph at lines 199--215

 []

[5 <./PG.png>]
<Oracle.png, id=27, 624.08156pt x 152.06813pt>
File: Oracle.png Graphic file (type png)
<use Oracle.png>
Package pdftex.def Info: Oracle.png  used on input line 220.
(pdftex.def)             Requested size: 436.85411pt x 106.44695pt.

Underfull \hbox (badness 10000) in paragraph at lines 216--232

 []


Overfull \hbox (46.85411pt too wide) in paragraph at lines 216--232
[]
 []


Underfull \hbox (badness 10000) in paragraph at lines 216--232

 []


Underfull \hbox (badness 10000) in paragraph at lines 216--232

 []


Underfull \hbox (badness 10000) in paragraph at lines 216--232

 []


Underfull \hbox (badness 10000) in paragraph at lines 216--232

 []


Underfull \hbox (badness 10000) in paragraph at lines 216--232

 []


Underfull \hbox (badness 10000) in paragraph at lines 216--232

 []

[6 <./Oracle.png>]
Underfull \hbox (badness 10000) in paragraph at lines 233--252

 []


Underfull \hbox (badness 10000) in paragraph at lines 233--252

 []


Underfull \hbox (badness 10000) in paragraph at lines 233--252

 []


Underfull \hbox (badness 10000) in paragraph at lines 233--252

 []


Underfull \hbox (badness 10000) in paragraph at lines 233--252

 []


Underfull \hbox (badness 10000) in paragraph at lines 233--252

 []

[7]
Underfull \hbox (badness 10000) in paragraph at lines 253--271

 []


Underfull \hbox (badness 10000) in paragraph at lines 253--271

 []


Overfull \hbox (2.88991pt too wide) in paragraph at lines 253--271
\OT1/cmr/m/n/12 For ev-ery row key an un-lim-ited num-ber of at-tributes may be
 stored. (columns) 
 []


Underfull \hbox (badness 10000) in paragraph at lines 253--271

 []


Underfull \hbox (badness 10000) in paragraph at lines 253--271

 []


Underfull \hbox (badness 10000) in paragraph at lines 253--271

 []


Underfull \hbox (badness 10000) in paragraph at lines 253--271

 []

[8]
Underfull \hbox (badness 10000) in paragraph at lines 272--291

 []


Underfull \hbox (badness 10000) in paragraph at lines 272--291

 []


Underfull \hbox (badness 10000) in paragraph at lines 272--291

 []


Underfull \hbox (badness 10000) in paragraph at lines 272--291

 []


Underfull \hbox (badness 10000) in paragraph at lines 272--291

 []


Underfull \hbox (badness 10000) in paragraph at lines 272--291

 []


Underfull \hbox (badness 10000) in paragraph at lines 272--291

 []


Underfull \hbox (badness 10000) in paragraph at lines 272--291

 []

[9]
Underfull \hbox (badness 10000) in paragraph at lines 292--311

 []


Underfull \hbox (badness 10000) in paragraph at lines 292--311

 []


Underfull \hbox (badness 10000) in paragraph at lines 292--311

 []


Underfull \hbox (badness 10000) in paragraph at lines 292--311

 []


Underfull \hbox (badness 10000) in paragraph at lines 292--311

 []


Underfull \hbox (badness 10000) in paragraph at lines 292--311

 []

[10]
Underfull \hbox (badness 10000) in paragraph at lines 312--337

 []


Underfull \hbox (badness 10000) in paragraph at lines 312--337

 []


Underfull \hbox (badness 10000) in paragraph at lines 312--337

 []


Underfull \hbox (badness 10000) in paragraph at lines 312--337

 []


Underfull \hbox (badness 10000) in paragraph at lines 312--337

 []


Underfull \hbox (badness 10000) in paragraph at lines 312--337

 []


Underfull \hbox (badness 10000) in paragraph at lines 312--337

 []


Underfull \hbox (badness 10000) in paragraph at lines 312--337

 []

[11]
Underfull \hbox (badness 10000) in paragraph at lines 338--356

 []


Underfull \hbox (badness 10000) in paragraph at lines 338--356

 []


Underfull \hbox (badness 10000) in paragraph at lines 338--356

 []


Underfull \hbox (badness 10000) in paragraph at lines 338--356

 []


Underfull \hbox (badness 10000) in paragraph at lines 338--356

 []


Underfull \hbox (badness 10000) in paragraph at lines 338--356

 []


Underfull \hbox (badness 10000) in paragraph at lines 338--356

 []


Underfull \hbox (badness 10000) in paragraph at lines 338--356

 []


Underfull \hbox (badness 10000) in paragraph at lines 338--356

 []

[12]
<oracle_labels.png, id=51, 419.31656pt x 193.47281pt>
File: oracle_labels.png Graphic file (type png)
<use oracle_labels.png>
Package pdftex.def Info: oracle_labels.png  used on input line 367.
(pdftex.def)             Requested size: 335.45369pt x 154.77846pt.

Underfull \hbox (badness 10000) in paragraph at lines 357--369

 []


Underfull \hbox (badness 10000) in paragraph at lines 357--369

 []


Underfull \hbox (badness 10000) in paragraph at lines 357--369

 []


Underfull \hbox (badness 10000) in paragraph at lines 357--369

 []


Underfull \hbox (badness 10000) in paragraph at lines 357--369

 []

[13 <./oracle_labels.png>] (Oblig2.aux) ) 
Here is how much of TeX's memory you used:
 1229 strings out of 479799
 18995 string characters out of 2869723
 301904 words of memory out of 3000000
 18254 multiletter control sequences out of 15000+200000
 539036 words of font info for 42 fonts, out of 3000000 for 9000
 1141 hyphenation exceptions out of 8191
 66i,7n,72p,607b,191s stack positions out of 5000i,500n,10000p,200000b,50000s
<C:/Users/espen/AppData/Local/Programs
/MiKTeX/fonts/type1/public/amsfonts/cm/cmmi12.pfb><C:/Users/espen/AppData/Local
/Programs/MiKTeX/fonts/type1/public/amsfonts/cm/cmmi8.pfb><C:/Users/espen/AppDa
ta/Local/Programs/MiKTeX/fonts/type1/public/amsfonts/cm/cmr12.pfb><C:/Users/esp
en/AppData/Local/Programs/MiKTeX/fonts/type1/public/amsfonts/cm/cmr17.pfb><C:/U
sers/espen/AppData/Local/Programs/MiKTeX/fonts/type1/public/amsfonts/cm/cmsy10.
pfb>
Output written on Oblig2.pdf (13 pages, 222373 bytes).
PDF statistics:
 74 PDF objects out of 1000 (max. 8388607)
 0 named destinations out of 1000 (max. 500000)
 21 words of extra memory for PDF output out of 10000 (max. 10000000)

